<?xml version="1.0" encoding="UTF-8"?>
<testng-results ignored="4" total="6" passed="2" failed="0" skipped="0">
  <reporter-output>
  </reporter-output>
  <suite started-at="2021-01-01T12:01:16 PST" name="TestSuite" finished-at="2021-01-01T12:05:38 PST" duration-ms="262219">
    <groups>
      <group name="admin">
        <method signature="SearchTests.selectRandomDropDownListTestCase1()[pri:2, instance:com.romanceabroad.ui.SearchTests@49070868]" name="selectRandomDropDownListTestCase1" class="com.romanceabroad.ui.SearchTests"/>
      </group> <!-- admin -->
      <group name="user">
        <method signature="SearchTests.selectRandomDropDownListTestCase1()[pri:2, instance:com.romanceabroad.ui.SearchTests@49070868]" name="selectRandomDropDownListTestCase1" class="com.romanceabroad.ui.SearchTests"/>
        <method signature="SearchTests.testSearchPageTestCase3()[pri:4, instance:com.romanceabroad.ui.SearchTests@49070868]" name="testSearchPageTestCase3" class="com.romanceabroad.ui.SearchTests"/>
      </group> <!-- user -->
    </groups>
    <test started-at="2021-01-01T12:01:16 PST" name="ChromeTestCases" finished-at="2021-01-01T12:05:38 PST" duration-ms="262219">
      <class name="com.romanceabroad.ui.SearchTests">
        <test-method is-config="true" signature="setup(java.lang.String, java.lang.reflect.Method)[pri:0, instance:com.romanceabroad.ui.SearchTests@49070868]" started-at="2021-01-01T12:01:16 PST" name="setup" finished-at="2021-01-01T12:01:30 PST" duration-ms="13586" status="PASS">
          <params>
            <param index="0">
              <value>
                <![CDATA[chrome]]>
              </value>
            </param>
            <param index="1">
              <value>
                <![CDATA[public void com.romanceabroad.ui.SearchTests.selectRandomDropDownListTestCase1()]]>
              </value>
            </param>
          </params>
          <reporter-output>
          </reporter-output>
        </test-method> <!-- setup -->
        <test-method signature="selectRandomDropDownListTestCase1()[pri:2, instance:com.romanceabroad.ui.SearchTests@49070868]" started-at="2021-01-01T12:01:30 PST" name="selectRandomDropDownListTestCase1" finished-at="2021-01-01T12:05:23 PST" duration-ms="232973" status="PASS">
          <reporter-output>
          </reporter-output>
        </test-method> <!-- selectRandomDropDownListTestCase1 -->
        <test-method is-config="true" signature="setup(java.lang.String, java.lang.reflect.Method)[pri:0, instance:com.romanceabroad.ui.SearchTests@49070868]" started-at="2021-01-01T12:05:23 PST" name="setup" finished-at="2021-01-01T12:05:34 PST" duration-ms="11626" status="PASS">
          <params>
            <param index="0">
              <value>
                <![CDATA[chrome]]>
              </value>
            </param>
            <param index="1">
              <value>
                <![CDATA[public void com.romanceabroad.ui.SearchTests.testSearchPageTestCase3()]]>
              </value>
            </param>
          </params>
          <reporter-output>
          </reporter-output>
        </test-method> <!-- setup -->
        <test-method signature="testSearchPageTestCase3()[pri:4, instance:com.romanceabroad.ui.SearchTests@49070868]" started-at="2021-01-01T12:05:34 PST" name="testSearchPageTestCase3" finished-at="2021-01-01T12:05:38 PST" duration-ms="4030" status="PASS">
          <reporter-output>
          </reporter-output>
        </test-method> <!-- testSearchPageTestCase3 -->
      </class> <!-- com.romanceabroad.ui.SearchTests -->
    </test> <!-- ChromeTestCases -->
  </suite> <!-- TestSuite -->
</testng-results>
